<?xml version="1.0" encoding="UTF-8"?>
<testng-results ignored="0" total="1" passed="1" failed="0" skipped="0">
  <reporter-output>
  </reporter-output>
  <suite started-at="2022-12-20T15:41:18 IST" name="Default suite" finished-at="2022-12-20T15:43:08 IST" duration-ms="109525">
    <groups>
    </groups>
    <test started-at="2022-12-20T15:41:18 IST" name="Default test" finished-at="2022-12-20T15:43:08 IST" duration-ms="109525">
      <class name="com.TestCases.TestGoogle">
        <test-method signature="googleSearch()[pri:0, instance:com.TestCases.TestGoogle@1e04fa0a]" started-at="2022-12-20T15:41:18 IST" name="googleSearch" finished-at="2022-12-20T15:43:08 IST" duration-ms="109453" status="PASS">
          <reporter-output>
          </reporter-output>
        </test-method> <!-- googleSearch -->
      </class> <!-- com.TestCases.TestGoogle -->
    </test> <!-- Default test -->
  </suite> <!-- Default suite -->
</testng-results>
