<?xml version="1.0" encoding="UTF-8"?>
<!-- Generated by org.testng.reporters.JUnitXMLReporter -->
<testsuite ignored="2" hostname="Pavan" failures="0" tests="3" name="OrangeHRMLogin" time="0.253" errors="0" timestamp="2022-09-07T15:43:30 IST">
  <testcase classname="com.OrangeHRM.assertionsPractice" name="@BeforeSuite LaunchBrowser" time="9.629">
    <failure type="java.lang.AssertionError" message="URL is Mismatched expected [https://opensource-demo.orangehrmlive.com/] but found [https://opensource-demo.orangehrmlive.com/web/index.php/auth/login]">
      <![CDATA[java.lang.AssertionError: URL is Mismatched expected [https://opensource-demo.orangehrmlive.com/] but found [https://opensource-demo.orangehrmlive.com/web/index.php/auth/login]
at com.OrangeHRM.assertionsPractice.LaunchBrowser(assertionsPractice.java:54)
... Removed 24 stack frames]]>
    </failure>
  </testcase> <!-- @BeforeSuite LaunchBrowser -->
  <testcase classname="com.OrangeHRM.assertionsPractice" name="LaunchBrowser" time="0.0">
    <skipped/>
  </testcase> <!-- LaunchBrowser -->
  <testcase classname="com.OrangeHRM.assertionsPractice" name="EnterLoginCredentials" time="0.0">
    <skipped/>
  </testcase> <!-- EnterLoginCredentials -->
  <testcase classname="com.OrangeHRM.assertionsPractice" name="verifyLogin" time="0.0">
    <skipped/>
  </testcase> <!-- verifyLogin -->
  <testcase classname="com.OrangeHRM.assertionsPractice" name="teardown" time="0.0">
    <ignored/>
  </testcase> <!-- teardown -->
  <testcase classname="com.OrangeHRM.assertionsPractice" name="verifyMyInfo" time="0.0">
    <ignored/>
  </testcase> <!-- verifyMyInfo -->
</testsuite> <!-- OrangeHRMLogin -->
