<?xml version="1.0" encoding="UTF-8"?>
<!-- Generated by org.testng.reporters.JUnitXMLReporter -->
<testsuite ignored="2" hostname="Pavan" failures="0" tests="5" name="Test1" time="23.833" errors="0" timestamp="2022-07-02T23:08:59 IST">
  <testcase classname="com.OrangeHRM.xpathPractice" name="initialize" time="6.04"/>
  <testcase classname="com.OrangeHRM.xpathPractice" name="LaunchApp" time="5.845"/>
  <testcase classname="com.OrangeHRM.xpathPractice" name="Enterlogindetails" time="5.619"/>
  <testcase classname="com.OrangeHRM.xpathPractice" name="verifyMyinfo" time="5.937"/>
  <testcase classname="com.OrangeHRM.xpathPractice" name="teardown" time="0.221"/>
  <testcase classname="com.OrangeHRM.xpathPractice" name="verifyLogin" time="0.0">
    <ignored/>
  </testcase> <!-- verifyLogin -->
  <testcase classname="com.OrangeHRM.xpathPractice" name="Recruitement" time="0.0">
    <ignored/>
  </testcase> <!-- Recruitement -->
</testsuite> <!-- Test1 -->
