<?xml version="1.0" encoding="UTF-8"?>
<!-- Generated by org.testng.reporters.JUnitXMLReporter -->
<testsuite ignored="2" hostname="Pavan" failures="0" tests="5" name="Test2" time="18.47" errors="0" timestamp="2022-07-02T23:08:54 IST">
  <testcase classname="com.OrangeHRM.xpathPractice" name="initialize" time="6.126"/>
  <testcase classname="com.OrangeHRM.xpathPractice" name="LaunchApp" time="6.086"/>
  <testcase classname="com.OrangeHRM.xpathPractice" name="Enterlogindetails" time="5.639"/>
  <testcase classname="com.OrangeHRM.xpathPractice" name="verifyLogin" time="0.197"/>
  <testcase classname="com.OrangeHRM.xpathPractice" name="teardown" time="0.24"/>
  <testcase classname="com.OrangeHRM.xpathPractice" name="Recruitement" time="0.0">
    <ignored/>
  </testcase> <!-- Recruitement -->
  <testcase classname="com.OrangeHRM.xpathPractice" name="verifyMyinfo" time="0.0">
    <ignored/>
  </testcase> <!-- verifyMyinfo -->
</testsuite> <!-- Test2 -->
