<?xml version="1.0" encoding="UTF-8"?>
<!-- Generated by org.testng.reporters.JUnitXMLReporter -->
<testsuite ignored="3" hostname="Pavan" failures="0" tests="3" name="Test" time="13.908" errors="0" timestamp="2022-07-02T21:37:43 IST">
  <testcase classname="com.OrangeHRM.xpathPractice" name="LaunchApp" time="6.179"/>
  <testcase classname="com.OrangeHRM.xpathPractice" name="Enterlogindetails" time="5.887"/>
  <testcase classname="com.OrangeHRM.xpathPractice" name="verifyMyinfo" time="1.681"/>
  <testcase classname="com.OrangeHRM.xpathPractice" name="initialize" time="0.0">
    <ignored/>
  </testcase> <!-- initialize -->
  <testcase classname="com.OrangeHRM.xpathPractice" name="teardown" time="0.0">
    <ignored/>
  </testcase> <!-- teardown -->
  <testcase classname="com.OrangeHRM.xpathPractice" name="verifyLogin" time="0.0">
    <ignored/>
  </testcase> <!-- verifyLogin -->
</testsuite> <!-- Test -->
