<?xml version="1.0" encoding="UTF-8"?>
<testng-results ignored="0" total="1" passed="1" failed="0" skipped="0">
  <reporter-output>
  </reporter-output>
  <suite started-at="2022-12-20T15:59:02 IST" name="Default suite" finished-at="2022-12-20T15:59:28 IST" duration-ms="25805">
    <groups>
    </groups>
    <test started-at="2022-12-20T15:59:02 IST" name="Default test" finished-at="2022-12-20T15:59:28 IST" duration-ms="25805">
      <class name="screenshots.TestGoogle">
        <test-method is-config="true" signature="InitializeBrowser()[pri:0, instance:screenshots.TestGoogle@53f48368]" started-at="2022-12-20T15:58:59 IST" name="InitializeBrowser" finished-at="2022-12-20T15:59:02 IST" duration-ms="3617" status="PASS">
          <reporter-output>
          </reporter-output>
        </test-method> <!-- InitializeBrowser -->
        <test-method signature="TestGoogleMethod()[pri:0, instance:screenshots.TestGoogle@53f48368]" started-at="2022-12-20T15:59:03 IST" name="TestGoogleMethod" finished-at="2022-12-20T15:59:28 IST" duration-ms="25329" status="PASS">
          <reporter-output>
          </reporter-output>
        </test-method> <!-- TestGoogleMethod -->
        <test-method is-config="true" signature="getScreenshot(org.testng.ITestResult)[pri:0, instance:screenshots.TestGoogle@53f48368]" started-at="2022-12-20T15:59:28 IST" name="getScreenshot" finished-at="2022-12-20T15:59:28 IST" duration-ms="377" status="PASS">
          <params>
            <param index="0">
              <value>
                <![CDATA[[TestResult name=TestGoogleMethod status=SUCCESS method=TestGoogle.TestGoogleMethod()[pri:0, instance:screenshots.TestGoogle@53f48368] output={null}]]]>
              </value>
            </param>
          </params>
          <reporter-output>
          </reporter-output>
        </test-method> <!-- getScreenshot -->
        <test-method is-config="true" signature="Teardown()[pri:0, instance:screenshots.TestGoogle@53f48368]" started-at="2022-12-20T15:59:28 IST" name="Teardown" finished-at="2022-12-20T15:59:29 IST" duration-ms="224" status="PASS">
          <reporter-output>
          </reporter-output>
        </test-method> <!-- Teardown -->
      </class> <!-- screenshots.TestGoogle -->
    </test> <!-- Default test -->
  </suite> <!-- Default suite -->
</testng-results>
